/var/spool/slurmd/job00377/slurm_script: line 3: bilby: No such file or directory
17:35 bilby_pipe INFO    : Running bilby_pipe version: 1.5.0
17:35 bilby_pipe INFO    : Running bilby version: 2.4.0
17:35 bilby_pipe INFO    : Command line arguments: Namespace(ini='outdir_relative_binning_BNS_cluster/relative_binning_BNS_cluster_config_complete.ini', verbose=False, calibration_model=None, calibration_correction_type='data', spline_calibration_envelope_dict=None, spline_calibration_nodes=10, spline_calibration_amplitude_uncertainty_dict=None, spline_calibration_phase_uncertainty_dict=None, calibration_prior_boundary='reflective', idx=0, data_dump_file='outdir_relative_binning_BNS_cluster/data/relative_binning_BNS_cluster_data0_0_generation_data_dump.pickle', ignore_gwpy_data_quality_check=True, gps_tuple=None, gps_file=None, timeslide_file=None, timeslide_dict=None, trigger_time=None, n_simulation=1, data_dict=None, data_format=None, allow_tape=True, channel_dict=None, frame_type_dict=None, data_find_url='https://datafind.igwn.org', data_find_urltype='osdf', gaussian_noise=True, zero_noise=False, coherence_test=False, detectors=['H1', 'L1', 'V1'], duration=32.0, generation_seed=88170235, psd_dict=None, psd_fractional_overlap=0.5, post_trigger_duration=2.0, sampling_frequency=4096.0, psd_length=32, psd_maximum_duration=1024, psd_method='median', psd_start_time=None, maximum_frequency=None, minimum_frequency='75.0', tukey_roll_off=0.4, resampling_method='lal', injection=True, injection_dict="{'fiducial': 1, 'mass_1': 1.5, 'mass_2': 1.3, 'chi_1': 0.02, 'chi_2':0.02, 'lambda_1':545.0 , 'lambda_2':1346.0, 'luminosity_distance': 2000.0, 'theta_jn': 0.4, 'psi': 2.659, 'phase':1.3, 'geocent_time': 1126259642.413, 'ra': 1.375, 'dec': -1.2108}", injection_file=None, injection_numbers=[None], injection_waveform_approximant=None, injection_frequency_domain_source_model=None, injection_waveform_arguments=None, accounting='FILL_THIS_IN', accounting_user=None, label='relative_binning_BNS_cluster_data0_0_analysis_H1L1V1', local=False, local_generation=False, generation_pool='local-pool', local_plot=False, outdir='outdir_relative_binning_BNS_cluster', overwrite_outdir=False, periodic_restart_time=28800, request_disk=5.0, request_memory=8.0, request_memory_generation=None, request_cpus=32, conda_env=None, scheduler='slurm', scheduler_args='partition=all', scheduler_module=[None], scheduler_env='bilby', scheduler_analysis_time='7-00:00:00', submit=False, condor_job_priority=0, transfer_files=True, additional_transfer_paths=[None], environment_variables=None, getenv=[None], disable_hdf5_locking=False, log_directory=None, osg=False, desired_sites=None, analysis_executable=None, analysis_executable_parser=None, scitoken_issuer=None, container=None, calibration_marginalization=False, distance_marginalization=False, distance_marginalization_lookup_table=None, phase_marginalization=False, time_marginalization=False, jitter_time=True, reference_frame='sky', time_reference='geocent', likelihood_type='RelativeBinningGravitationalWaveTransient', calibration_lookup_table=None, number_of_response_curves=1000, roq_folder=None, roq_linear_matrix=None, roq_quadratic_matrix=None, roq_weights=None, roq_weight_format='hdf5', roq_scale_factor=1.0, fiducial_parameters="{'fiducial': 1, 'chirp_mass': 1.2150360414642816, 'symmetric_mass_ratio': 0.24872448979591844,'chi_1': 0.02, 'chi_2':0.02, 'lambda_tilde':867.9931562541493 , 'delta_lambda_tilde':95.05130053992274, 'luminosity_distance': 2000.0, 'theta_jn': 0.4, 'psi': 2.659, 'phase':1.3, 'geocent_time': 1126259642.413, 'ra': 1.375, 'dec': -1.2108}", update_fiducial_parameters=False, epsilon=0.025, extra_likelihood_kwargs=None, plot_trace=False, plot_data=False, plot_injection=False, plot_spectrogram=False, plot_calibration=False, plot_corner=False, plot_marginal=False, plot_skymap=False, plot_waveform=False, plot_format='png', create_summary=False, email=None, notification='Never', queue=None, existing_dir=None, webdir=None, summarypages_arguments=None, result_format='hdf5', final_result=True, final_result_nsamples=20000, default_prior='BBHPriorDict', deltaT=0.2, prior_file='/cluster/users/venkatek/relative_binning_BNS_cluster.prior', prior_dict=None, enforce_signal_duration=True, postprocessing_executable=None, postprocessing_arguments=None, single_postprocessing_executable=None, single_postprocessing_arguments=None, sampler='dynesty', sampling_seed=None, n_parallel=1, sampler_kwargs="{'nlive': 1000, 'naccept': 60, 'check_point_plot': True, 'check_point_delta_t': 1800, 'print_method': 'interval-60', 'sample': 'acceptance-walk', 'plot': True, 'npool': 32}", reweighting_configuration=None, reweight_nested_samples=True, waveform_generator='bilby.gw.WaveformGenerator', reference_frequency=50.0, waveform_approximant='IMRPhenomPv2_NRTidal', catch_waveform_errors=True, pn_spin_order=-1, pn_tidal_order=-1, pn_phase_order=-1, pn_amplitude_order=0, numerical_relativity_file=None, waveform_arguments_dict="{'minimum_frequency': 75.0}", mode_array=[None], frequency_domain_source_model='lal_binary_neutron_star_relative_binning', conversion_function='bilby.gw.conversion.convert_to_lal_binary_neutron_star_parameters', generation_function=None)
17:35 bilby_pipe INFO    : Unknown command line arguments: []
17:35 bilby_pipe INFO    : Sampling seed set to 128668
17:35 bilby_pipe INFO    : Found data for detectors = ['H1', 'L1', 'V1']
17:35 bilby_pipe INFO    : Using data for detectors = ['H1', 'L1', 'V1']
17:35 bilby_pipe INFO    : H1: sampling-frequency=4096.0, segment-start-time=-30.0, duration=32.0
17:35 bilby_pipe INFO    : L1: sampling-frequency=4096.0, segment-start-time=-30.0, duration=32.0
17:35 bilby_pipe INFO    : V1: sampling-frequency=4096.0, segment-start-time=-30.0, duration=32.0
17:35 bilby_pipe INFO    : Using user-specified conversion_function bilby.gw.conversion.convert_to_lal_binary_neutron_star_parameters
17:35 bilby INFO    : Waveform generator initiated with
  frequency_domain_source_model: bilby.gw.source.lal_binary_neutron_star_relative_binning
  time_domain_source_model: None
  parameter_conversion: bilby.gw.conversion.convert_to_lal_binary_neutron_star_parameters
17:35 bilby INFO    : Initial fiducial waveforms set up
17:35 bilby INFO    : Summary Data Obtained
17:35 bilby INFO    : Fiducial likelihood: -1.61
17:35 bilby_pipe INFO    : Using generation_function generate_all_bns_parameters
17:35 bilby INFO    : Running for label 'relative_binning_BNS_cluster_data0_0_analysis_H1L1V1', output will be saved to 'outdir_relative_binning_BNS_cluster/result'
17:35 bilby WARNING : Parameter fiducial has no default prior and is set to 0, this will not be sampled and may cause an error.
17:35 bilby INFO    : Using lal version 7.6.1
17:35 bilby INFO    : Using lal git version Branch: None;Tag: lalsuite-v7.25.1;Id: 494fadf7ab3675a7708c6f21de0f588c68441850;;Builder: Unknown User <>;Repository status: UNCLEAN: Modified working tree
17:35 bilby INFO    : Using lalsimulation version 6.1.0
17:35 bilby INFO    : Using lalsimulation git version Branch: None;Tag: lalsuite-v7.25.1;Id: 494fadf7ab3675a7708c6f21de0f588c68441850;;Builder: Unknown User <>;Repository status: UNCLEAN: Modified working tree
/cluster/users/venkatek/.conda/envs/bilby/lib/python3.11/site-packages/_distutils_hack/__init__.py:30: UserWarning: Setuptools is replacing distutils. Support for replacing an already imported distutils is deprecated. In the future, this condition will fail. Register concerns at https://github.com/pypa/setuptools/issues/new?template=distutils-deprecation.yml
  warnings.warn(
17:35 bilby INFO    : Analysis priors:
17:35 bilby INFO    : symmetric_mass_ratio=bilby.gw.prior.UniformInComponentsMassRatio(minimum=0.1, maximum=0.25, name='symmetric_mass_ratio', latex_label='$\\eta$', unit=None, boundary=None, equal_mass=False)
17:35 bilby INFO    : chirp_mass=Gaussian(mu=1.215, sigma=0.1, name='chirp_mass', latex_label='$\\mathcal{M}$', unit=None, boundary=None)
17:35 bilby INFO    : luminosity_distance=bilby.gw.prior.UniformSourceFrame(minimum=100.0, maximum=5000.0, cosmology='Planck15', name='luminosity_distance', latex_label='$d_L$', unit='Mpc', boundary=None)
17:35 bilby INFO    : theta_jn=Sine(minimum=0, maximum=3.141592653589793, name='theta_jn', latex_label='$\\theta_{JN}$', unit=None, boundary=None)
17:35 bilby INFO    : mass_1=Constraint(minimum=0.5, maximum=5, name='mass_1', latex_label='$m_1$', unit=None)
17:35 bilby INFO    : mass_2=Constraint(minimum=0.5, maximum=5, name='mass_2', latex_label='$m_2$', unit=None)
17:35 bilby INFO    : lambda_1=Constraint(minimum=100.0, maximum=5000.0, name='lambda_1', latex_label='$\\Lambda_1$', unit=None)
17:35 bilby INFO    : lambda_2=Constraint(minimum=100.0, maximum=5000.0, name='lambda_2', latex_label='$\\Lambda_2$', unit=None)
17:35 bilby INFO    : dec=-1.2108
17:35 bilby INFO    : ra=1.375
17:35 bilby INFO    : psi=2.659
17:35 bilby INFO    : phase=1.3
17:35 bilby INFO    : chi_1=0.2
17:35 bilby INFO    : chi_2=0.2
17:35 bilby INFO    : geocent_time=1126259642.413
17:35 bilby INFO    : Analysis likelihood class: <class 'bilby.gw.likelihood.relative.RelativeBinningGravitationalWaveTransient'>
17:35 bilby INFO    : Analysis likelihood noise evidence: -189329.8256271765
17:35 bilby INFO    : Single likelihood evaluation took 8.748e-04 s
17:35 bilby WARNING : Kwargs contain both 'rstate' and 'seed', ignoring 'seed'.
17:35 bilby INFO    : Using sampler Dynesty with kwargs {'nlive': 1000, 'bound': 'live', 'sample': 'acceptance-walk', 'periodic': None, 'reflective': None, 'update_interval': 600, 'first_update': None, 'npdim': None, 'rstate': Generator(PCG64) at 0x7F0B1A707300, 'queue_size': 32, 'pool': None, 'use_pool': None, 'live_points': None, 'logl_args': None, 'logl_kwargs': None, 'ptform_args': None, 'ptform_kwargs': None, 'gradient': None, 'grad_args': None, 'grad_kwargs': None, 'compute_jac': False, 'enlarge': None, 'bootstrap': None, 'walks': 100, 'facc': 0.2, 'slices': None, 'fmove': 0.9, 'max_move': 100, 'update_func': None, 'ncdim': None, 'blob': False, 'save_history': False, 'history_filename': None, 'maxiter': None, 'maxcall': None, 'dlogz': 0.1, 'logl_max': inf, 'n_effective': None, 'add_live': True, 'print_progress': True, 'print_func': <bound method Dynesty._print_func of <bilby.core.sampler.dynesty.Dynesty object at 0x7f0b1a5882d0>>, 'save_bounds': False, 'checkpoint_file': None, 'checkpoint_every': 60, 'resume': False, 'seed': 128668}
17:35 bilby INFO    : Checkpoint every check_point_delta_t = 1800s
17:35 bilby INFO    : Using dynesty version 2.1.5
17:35 bilby INFO    : Using the bilby-implemented acceptance-walk sampling with an average of 60 accepted steps per MCMC and maximum length 5000
17:35 bilby INFO    : Setting up multiproccesing pool with 32 processes
17:35 bilby INFO    : Reading resume file outdir_relative_binning_BNS_cluster/result/relative_binning_BNS_cluster_data0_0_analysis_H1L1V1_resume.pickle
17:35 bilby WARNING : The resume file outdir_relative_binning_BNS_cluster/result/relative_binning_BNS_cluster_data0_0_analysis_H1L1V1_resume.pickle is corrupted or the version of bilby has changed between runs. This resume file will be ignored.
17:35 bilby INFO    : Generating initial points from the prior
17:41 bilby INFO    : Written checkpoint file outdir_relative_binning_BNS_cluster/result/relative_binning_BNS_cluster_data0_0_analysis_H1L1V1_resume.pickle
17:41 bilby INFO    : Starting to close worker pool.
17:41 bilby INFO    : Finished closing worker pool.
17:41 bilby INFO    : Rejection sampling nested samples to obtain 1984 posterior samples
17:41 bilby INFO    : Sampling time: 0:05:50.559396
17:41 bilby INFO    : Computing per-detector log likelihoods.
17:41 bilby INFO    : Using a pool with size 32 for nsamples=1984
17:41 bilby INFO    : Generating sky frame parameters.
17:41 bilby INFO    : Computing SNRs for every sample.
17:41 bilby INFO    : Using a pool with size 32 for nsamples=1984
17:41 bilby INFO    : Summary of results:
nsamples: 1984
ln_noise_evidence: -189329.826
ln_evidence: -189329.834 +/-  0.036
ln_bayes_factor: -0.008 +/-  0.036

17:41 bilby_pipe INFO    : Run completed
