15:50 INFO    : Waveform generator initiated with
  frequency_domain_source_model: bilby.gw.source.lal_binary_neutron_star_relative_binning
  time_domain_source_model: None
  parameter_conversion: bilby.gw.conversion.convert_to_lal_binary_neutron_star_parameters
15:50 INFO    : Injected signal in H1:
15:50 INFO    :   optimal SNR = 26.96
15:50 INFO    :   matched filter SNR = 27.03-0.98j
15:50 INFO    :   mass_1 = 1.5
15:50 INFO    :   mass_2 = 1.3
15:50 INFO    :   chi_1 = 0.02
15:50 INFO    :   chi_2 = 0.02
15:50 INFO    :   luminosity_distance = 50.0
15:50 INFO    :   theta_jn = 0.4
15:50 INFO    :   psi = 2.659
15:50 INFO    :   phase = 1.3
15:50 INFO    :   geocent_time = 1126259642.413
15:50 INFO    :   ra = 1.375
15:50 INFO    :   dec = -1.2108
15:50 INFO    :   lambda_1 = 545.0
15:50 INFO    :   lambda_2 = 1346.0
15:50 INFO    :   fiducial = 1
15:50 INFO    : Injected signal in L1:
15:50 INFO    :   optimal SNR = 21.83
15:50 INFO    :   matched filter SNR = 21.05+0.91j
15:50 INFO    :   mass_1 = 1.5
15:50 INFO    :   mass_2 = 1.3
15:50 INFO    :   chi_1 = 0.02
15:50 INFO    :   chi_2 = 0.02
15:50 INFO    :   luminosity_distance = 50.0
15:50 INFO    :   theta_jn = 0.4
15:50 INFO    :   psi = 2.659
15:50 INFO    :   phase = 1.3
15:50 INFO    :   geocent_time = 1126259642.413
15:50 INFO    :   ra = 1.375
15:50 INFO    :   dec = -1.2108
15:50 INFO    :   lambda_1 = 545.0
15:50 INFO    :   lambda_2 = 1346.0
15:50 INFO    :   fiducial = 1
15:50 INFO    : No prior given, using default BNS priors in /home/kay/anaconda3/envs/thesis/lib/python3.11/site-packages/bilby/gw/prior_files/aligned_spins_bns_tides_on.prior.
15:50 INFO    : Loaded distance marginalisation lookup table from .distance_marginalization_lookup.npz.
15:50 INFO    : Initial fiducial waveforms set up
15:50 INFO    : Summary Data Obtained
15:50 INFO    : Fiducial likelihood: 430.01
15:50 INFO    : Running for label '4.3 relative_binning_BNS', output will be saved to 'outdir_4.3 relative_binning_BNS'
15:50 INFO    : Performing redundancy check using BBHPriorDict(self).test_redundancy
15:50 WARNING : Parameter fiducial has no default prior and is set to 0, this will not be sampled and may cause an error.
15:50 INFO    : Performing redundancy check using BBHPriorDict(self).test_redundancy
15:50 INFO    : Performing redundancy check using BBHPriorDict(self).test_redundancy
15:50 INFO    : Performing redundancy check using BBHPriorDict(self).test_redundancy
15:50 INFO    : Performing redundancy check using BBHPriorDict(self).test_redundancy
15:50 INFO    : Performing redundancy check using BBHPriorDict(self).test_redundancy
15:50 INFO    : Performing redundancy check using BBHPriorDict(self).test_redundancy
15:50 INFO    : Performing redundancy check using BBHPriorDict(self).test_redundancy
15:50 INFO    : Performing redundancy check using BBHPriorDict(self).test_redundancy
15:50 INFO    : Performing redundancy check using BBHPriorDict(self).test_redundancy
15:50 INFO    : Performing redundancy check using BBHPriorDict(self).test_redundancy
15:50 INFO    : Performing redundancy check using BBHPriorDict(self).test_redundancy
15:50 INFO    : Performing redundancy check using BBHPriorDict(self).test_redundancy
15:50 INFO    : Performing redundancy check using BBHPriorDict(self).test_redundancy
15:50 INFO    : Performing redundancy check using BBHPriorDict(self).test_redundancy
15:50 INFO    : Performing redundancy check using BBHPriorDict(self).test_redundancy
15:50 INFO    : Using lal version 7.6.1
15:50 INFO    : Using lal git version Branch: None;Tag: lalsuite-v7.25;Id: fafc22fe7c166517798534eeca175f27a66e0138;;Builder: Unknown User <>;Repository status: CLEAN: All modifications committed
15:50 INFO    : Using lalsimulation version 6.1.0
15:50 INFO    : Using lalsimulation git version Branch: None;Tag: lalsuite-v7.25;Id: fafc22fe7c166517798534eeca175f27a66e0138;;Builder: Unknown User <>;Repository status: CLEAN: All modifications committed
15:50 INFO    : Analysis priors:
15:50 INFO    : mass_ratio=bilby.gw.prior.UniformInComponentsMassRatio(minimum=0.125, maximum=1, name='mass_ratio', latex_label='$q$', unit=None, boundary=None, equal_mass=False)
15:50 INFO    : chirp_mass=bilby.gw.prior.UniformInComponentsChirpMass(minimum=0.4, maximum=4.4, name='chirp_mass', latex_label='$\\mathcal{M}$', unit=None, boundary=None)
15:50 INFO    : theta_jn=Sine(minimum=0, maximum=3.141592653589793, name='theta_jn', latex_label='$\\theta_{JN}$', unit=None, boundary=None)
15:50 INFO    : lambda_1=Uniform(minimum=0, maximum=5000, name='lambda_1', latex_label='$\\Lambda_1$', unit=None, boundary=None)
15:50 INFO    : lambda_2=Uniform(minimum=0, maximum=5000, name='lambda_2', latex_label='$\\Lambda_2$', unit=None, boundary=None)
15:50 INFO    : mass_1=Constraint(minimum=0.5, maximum=5, name='mass_1', latex_label='$m_1$', unit=None)
15:50 INFO    : mass_2=Constraint(minimum=0.5, maximum=5, name='mass_2', latex_label='$m_2$', unit=None)
15:50 INFO    : luminosity_distance=3382.9535676089
15:50 INFO    : dec=-1.2108
15:50 INFO    : ra=1.375
15:50 INFO    : psi=2.659
15:50 INFO    : phase=1.3
15:50 INFO    : chi_1=0.02
15:50 INFO    : chi_2=0.02
15:50 INFO    : geocent_time=1126259642.413
15:50 INFO    : Analysis likelihood class: <class 'bilby.gw.likelihood.relative.RelativeBinningGravitationalWaveTransient'>
15:50 INFO    : Analysis likelihood noise evidence: -60973.09225542183
15:50 INFO    : Single likelihood evaluation took 1.034e-03 s
15:50 INFO    : Using sampler Nestle with kwargs {'method': 'multi', 'npoints': 100, 'update_interval': None, 'npdim': None, 'maxiter': None, 'maxcall': None, 'dlogz': None, 'decline_factor': None, 'rstate': None, 'callback': <function print_progress at 0x7f9ad4a8d3a0>, 'steps': 20, 'enlarge': 1.2}
11:33 INFO    : Run interrupted by signal 2: checkpoint and exit on 130
