[I 2025-06-06 14:03:58.381 ServerApp] jupyter_lsp | extension was successfully linked.
[I 2025-06-06 14:03:58.387 ServerApp] jupyter_server_terminals | extension was successfully linked.
[I 2025-06-06 14:03:58.393 ServerApp] jupyterlab | extension was successfully linked.
[I 2025-06-06 14:03:58.399 ServerApp] notebook | extension was successfully linked.
[I 2025-06-06 14:03:58.691 ServerApp] notebook_shim | extension was successfully linked.
[I 2025-06-06 14:03:58.709 ServerApp] notebook_shim | extension was successfully loaded.
[I 2025-06-06 14:03:58.712 ServerApp] jupyter_lsp | extension was successfully loaded.
[I 2025-06-06 14:03:58.713 ServerApp] jupyter_server_terminals | extension was successfully loaded.
[I 2025-06-06 14:03:58.715 LabApp] JupyterLab extension loaded from /home/bhaskar.biswas/miniconda3/lib/python3.12/site-packages/jupyterlab
[I 2025-06-06 14:03:58.715 LabApp] JupyterLab application directory is /home/bhaskar.biswas/miniconda3/share/jupyter/lab
[I 2025-06-06 14:03:58.715 LabApp] Extension Manager is 'pypi'.
[I 2025-06-06 14:03:58.735 ServerApp] jupyterlab | extension was successfully loaded.
[I 2025-06-06 14:03:58.740 ServerApp] notebook | extension was successfully loaded.
[I 2025-06-06 14:03:58.741 ServerApp] Serving notebooks from local directory: /home/bhaskar.biswas/TOV-Emulator/COMMA_emulator
[I 2025-06-06 14:03:58.741 ServerApp] Jupyter Server 2.15.0 is running at:
[I 2025-06-06 14:03:58.741 ServerApp] http://localhost:7777/tree?token=cd992472339de8dd3720eda5aa95dff5cf4dd0271f2e6db5
[I 2025-06-06 14:03:58.741 ServerApp]     http://127.0.0.1:7777/tree?token=cd992472339de8dd3720eda5aa95dff5cf4dd0271f2e6db5
[I 2025-06-06 14:03:58.741 ServerApp] Use Control-C to stop this server and shut down all kernels (twice to skip confirmation).
[C 2025-06-06 14:03:58.745 ServerApp] 
    
    To access the server, open this file in a browser:
        file:///home/bhaskar.biswas/.local/share/jupyter/runtime/jpserver-41306-open.html
    Or copy and paste one of these URLs:
        http://localhost:7777/tree?token=cd992472339de8dd3720eda5aa95dff5cf4dd0271f2e6db5
        http://127.0.0.1:7777/tree?token=cd992472339de8dd3720eda5aa95dff5cf4dd0271f2e6db5
[I 2025-06-06 14:03:58.774 ServerApp] Skipped non-installed server(s): bash-language-server, dockerfile-language-server-nodejs, javascript-typescript-langserver, jedi-language-server, julia-language-server, pyright, python-language-server, python-lsp-server, r-languageserver, sql-language-server, texlab, typescript-language-server, unified-language-server, vscode-css-languageserver-bin, vscode-html-languageserver-bin, vscode-json-languageserver-bin, yaml-language-server
[W 2025-06-06 14:04:51.078 ServerApp] Notebook TOV_Emulator.ipynb is not trusted
[W 2025-06-06 14:04:52.237 ServerApp] Notebook TOV_Emulator.ipynb is not trusted
[I 2025-06-06 14:04:52.693 ServerApp] Kernel started: 0a46d572-32b5-46d6-9baa-4704f6295e9f
[I 2025-06-06 14:04:53.358 ServerApp] Connecting to kernel 0a46d572-32b5-46d6-9baa-4704f6295e9f.
[I 2025-06-06 14:04:53.361 ServerApp] Connecting to kernel 0a46d572-32b5-46d6-9baa-4704f6295e9f.
[I 2025-06-06 14:04:53.363 ServerApp] Connecting to kernel 0a46d572-32b5-46d6-9baa-4704f6295e9f.
[I 2025-06-06 14:04:58.403 ServerApp] Connecting to kernel 0a46d572-32b5-46d6-9baa-4704f6295e9f.
[I 2025-06-06 14:06:52.837 ServerApp] Saving file at /TOV_Emulator.ipynb
[W 2025-06-06 14:06:52.837 ServerApp] Notebook TOV_Emulator.ipynb is not trusted
[I 2025-06-06 14:16:20.929 ServerApp] Kernel restarted: 0a46d572-32b5-46d6-9baa-4704f6295e9f
[I 2025-06-06 14:16:21.099 ServerApp] Starting buffering for 0a46d572-32b5-46d6-9baa-4704f6295e9f:10430248-a372-4869-a04e-7c0221588120
[I 2025-06-06 14:16:21.198 ServerApp] Connecting to kernel 0a46d572-32b5-46d6-9baa-4704f6295e9f.
[I 2025-06-06 14:16:21.198 ServerApp] Restoring connection for 0a46d572-32b5-46d6-9baa-4704f6295e9f:10430248-a372-4869-a04e-7c0221588120
[I 2025-06-06 14:18:56.540 ServerApp] Saving file at /TOV_Emulator.ipynb
[W 2025-06-06 14:18:56.541 ServerApp] Notebook TOV_Emulator.ipynb is not trusted
[W 2025-06-06 14:29:51.199 ServerApp] WebSocket ping timeout after 119951 ms.
[I 2025-06-06 14:29:56.202 ServerApp] Starting buffering for 0a46d572-32b5-46d6-9baa-4704f6295e9f:10430248-a372-4869-a04e-7c0221588120
[I 2025-06-06 14:33:17.937 ServerApp] Connecting to kernel 0a46d572-32b5-46d6-9baa-4704f6295e9f.
[I 2025-06-06 14:33:17.937 ServerApp] Restoring connection for 0a46d572-32b5-46d6-9baa-4704f6295e9f:10430248-a372-4869-a04e-7c0221588120
[W 2025-06-06 14:36:17.938 ServerApp] WebSocket ping timeout after 119951 ms.
[I 2025-06-06 14:36:22.941 ServerApp] Starting buffering for 0a46d572-32b5-46d6-9baa-4704f6295e9f:10430248-a372-4869-a04e-7c0221588120
[I 2025-06-06 15:04:37.974 ServerApp] Connecting to kernel 0a46d572-32b5-46d6-9baa-4704f6295e9f.
[I 2025-06-06 15:04:37.974 ServerApp] Restoring connection for 0a46d572-32b5-46d6-9baa-4704f6295e9f:10430248-a372-4869-a04e-7c0221588120
[I 2025-06-06 15:05:08.035 ServerApp] Saving file at /TOV_Emulator.ipynb
[W 2025-06-06 15:05:08.035 ServerApp] Notebook TOV_Emulator.ipynb is not trusted
[I 2025-06-06 15:07:08.417 ServerApp] Saving file at /TOV_Emulator.ipynb
[W 2025-06-06 15:07:08.418 ServerApp] Notebook TOV_Emulator.ipynb is not trusted
[I 2025-06-06 15:09:09.420 ServerApp] Saving file at /TOV_Emulator.ipynb
[W 2025-06-06 15:09:09.420 ServerApp] Notebook TOV_Emulator.ipynb is not trusted
[I 2025-06-06 15:13:10.199 ServerApp] Saving file at /TOV_Emulator.ipynb
[W 2025-06-06 15:13:10.199 ServerApp] Notebook TOV_Emulator.ipynb is not trusted
[I 2025-06-06 15:15:10.591 ServerApp] Saving file at /TOV_Emulator.ipynb
[I 2025-06-06 15:17:07.882 ServerApp] Starting buffering for 0a46d572-32b5-46d6-9baa-4704f6295e9f:10430248-a372-4869-a04e-7c0221588120
[I 2025-06-06 15:17:09.664 ServerApp] Connecting to kernel 0a46d572-32b5-46d6-9baa-4704f6295e9f.
[I 2025-06-06 15:17:10.370 ServerApp] Starting buffering for 0a46d572-32b5-46d6-9baa-4704f6295e9f:f164002f-81a0-4aa1-927f-178f61bfde75
[I 2025-06-06 15:17:10.727 ServerApp] Connecting to kernel 0a46d572-32b5-46d6-9baa-4704f6295e9f.
[I 2025-06-06 15:19:10.461 ServerApp] Saving file at /TOV_Emulator.ipynb
[I 2025-06-06 15:23:11.408 ServerApp] Saving file at /TOV_Emulator.ipynb
[I 2025-06-06 15:25:12.003 ServerApp] Saving file at /TOV_Emulator.ipynb
[I 2025-06-06 15:27:12.757 ServerApp] Saving file at /TOV_Emulator.ipynb
[I 2025-06-06 15:29:13.360 ServerApp] Saving file at /TOV_Emulator.ipynb
[I 2025-06-06 15:31:14.109 ServerApp] Saving file at /TOV_Emulator.ipynb
[I 2025-06-06 15:33:14.570 ServerApp] Saving file at /TOV_Emulator.ipynb
[I 2025-06-06 15:33:21.497 ServerApp] Kernel interrupted: 0a46d572-32b5-46d6-9baa-4704f6295e9f
[I 2025-06-06 15:35:15.143 ServerApp] Saving file at /TOV_Emulator.ipynb
[I 2025-06-06 15:37:15.834 ServerApp] Saving file at /TOV_Emulator.ipynb
[W 2025-06-06 15:45:10.730 ServerApp] WebSocket ping timeout after 119951 ms.
[I 2025-06-06 15:45:15.732 ServerApp] Starting buffering for 0a46d572-32b5-46d6-9baa-4704f6295e9f:165ebd9e-1049-4c59-8d34-f782a73c90a1
[I 2025-06-06 15:48:31.857 ServerApp] Connecting to kernel 0a46d572-32b5-46d6-9baa-4704f6295e9f.
[I 2025-06-06 15:48:31.857 ServerApp] Restoring connection for 0a46d572-32b5-46d6-9baa-4704f6295e9f:165ebd9e-1049-4c59-8d34-f782a73c90a1
[W 2025-06-06 16:09:31.859 ServerApp] WebSocket ping timeout after 119856 ms.
[I 2025-06-06 16:09:36.861 ServerApp] Starting buffering for 0a46d572-32b5-46d6-9baa-4704f6295e9f:165ebd9e-1049-4c59-8d34-f782a73c90a1
[I 2025-06-06 16:12:58.244 ServerApp] Connecting to kernel 0a46d572-32b5-46d6-9baa-4704f6295e9f.
[I 2025-06-06 16:12:58.244 ServerApp] Restoring connection for 0a46d572-32b5-46d6-9baa-4704f6295e9f:165ebd9e-1049-4c59-8d34-f782a73c90a1
[W 2025-06-06 16:38:28.245 ServerApp] WebSocket ping timeout after 109124 ms.
[I 2025-06-06 16:38:33.247 ServerApp] Starting buffering for 0a46d572-32b5-46d6-9baa-4704f6295e9f:165ebd9e-1049-4c59-8d34-f782a73c90a1
[I 2025-06-06 20:33:15.538 ServerApp] jupyter_lsp | extension was successfully linked.
[I 2025-06-06 20:33:15.546 ServerApp] jupyter_server_terminals | extension was successfully linked.
[I 2025-06-06 20:33:15.554 ServerApp] jupyterlab | extension was successfully linked.
[I 2025-06-06 20:33:15.561 ServerApp] notebook | extension was successfully linked.
[I 2025-06-06 20:33:16.577 ServerApp] notebook_shim | extension was successfully linked.
[I 2025-06-06 20:33:16.608 ServerApp] notebook_shim | extension was successfully loaded.
[I 2025-06-06 20:33:16.610 ServerApp] jupyter_lsp | extension was successfully loaded.
[I 2025-06-06 20:33:16.611 ServerApp] jupyter_server_terminals | extension was successfully loaded.
[I 2025-06-06 20:33:16.628 LabApp] JupyterLab extension loaded from /home/bhaskar.biswas/miniconda3/lib/python3.12/site-packages/jupyterlab
[I 2025-06-06 20:33:16.628 LabApp] JupyterLab application directory is /home/bhaskar.biswas/miniconda3/share/jupyter/lab
[I 2025-06-06 20:33:16.629 LabApp] Extension Manager is 'pypi'.
[I 2025-06-06 20:33:16.651 ServerApp] jupyterlab | extension was successfully loaded.
[I 2025-06-06 20:33:16.656 ServerApp] notebook | extension was successfully loaded.
[I 2025-06-06 20:33:16.657 ServerApp] Serving notebooks from local directory: /home/bhaskar.biswas/TOV-Emulator/COMMA_emulator
[I 2025-06-06 20:33:16.657 ServerApp] Jupyter Server 2.15.0 is running at:
[I 2025-06-06 20:33:16.657 ServerApp] http://localhost:5555/tree?token=92f299c666e8a8e630adfc8c1ed239305daf255162e135dc
[I 2025-06-06 20:33:16.657 ServerApp]     http://127.0.0.1:5555/tree?token=92f299c666e8a8e630adfc8c1ed239305daf255162e135dc
[I 2025-06-06 20:33:16.657 ServerApp] Use Control-C to stop this server and shut down all kernels (twice to skip confirmation).
[C 2025-06-06 20:33:16.661 ServerApp] 
    
    To access the server, open this file in a browser:
        file:///home/bhaskar.biswas/.local/share/jupyter/runtime/jpserver-3546-open.html
    Or copy and paste one of these URLs:
        http://localhost:5555/tree?token=92f299c666e8a8e630adfc8c1ed239305daf255162e135dc
        http://127.0.0.1:5555/tree?token=92f299c666e8a8e630adfc8c1ed239305daf255162e135dc
[I 2025-06-06 20:33:16.692 ServerApp] Skipped non-installed server(s): bash-language-server, dockerfile-language-server-nodejs, javascript-typescript-langserver, jedi-language-server, julia-language-server, pyright, python-language-server, python-lsp-server, r-languageserver, sql-language-server, texlab, typescript-language-server, unified-language-server, vscode-css-languageserver-bin, vscode-html-languageserver-bin, vscode-json-languageserver-bin, yaml-language-server
[I 2025-06-06 20:35:09.719 ServerApp] Kernel started: 23574fd2-cdcc-4d4c-a7d7-32a6a8e4b35c
[I 2025-06-06 20:35:10.425 ServerApp] Connecting to kernel 23574fd2-cdcc-4d4c-a7d7-32a6a8e4b35c.
[I 2025-06-06 20:35:10.428 ServerApp] Connecting to kernel 23574fd2-cdcc-4d4c-a7d7-32a6a8e4b35c.
[I 2025-06-06 20:35:10.430 ServerApp] Connecting to kernel 23574fd2-cdcc-4d4c-a7d7-32a6a8e4b35c.
[I 2025-06-06 20:35:11.010 ServerApp] Connecting to kernel 23574fd2-cdcc-4d4c-a7d7-32a6a8e4b35c.
[I 2025-06-06 20:37:09.508 ServerApp] Saving file at /TOV_Emulator.ipynb
[I 2025-06-06 20:39:10.006 ServerApp] Saving file at /TOV_Emulator.ipynb
[I 2025-06-06 20:41:10.365 ServerApp] Saving file at /TOV_Emulator.ipynb
[I 2025-06-06 20:43:10.601 ServerApp] Saving file at /TOV_Emulator.ipynb
[I 2025-06-06 20:53:10.852 ServerApp] Saving file at /TOV_Emulator.ipynb
[I 2025-06-06 20:55:11.162 ServerApp] Saving file at /TOV_Emulator.ipynb
[W 2025-06-06 21:07:10.430 ServerApp] WebSocket ping timeout after 119892 ms.
[I 2025-06-06 21:07:15.434 ServerApp] Starting buffering for 23574fd2-cdcc-4d4c-a7d7-32a6a8e4b35c:2f096bc1-a7cc-4489-8c44-3313db5ae9f3
[I 2025-06-06 23:41:22.205 ServerApp] Connecting to kernel 23574fd2-cdcc-4d4c-a7d7-32a6a8e4b35c.
[I 2025-06-06 23:41:22.205 ServerApp] Restoring connection for 23574fd2-cdcc-4d4c-a7d7-32a6a8e4b35c:2f096bc1-a7cc-4489-8c44-3313db5ae9f3
[I 2025-06-06 23:42:02.668 ServerApp] Saving file at /TOV_Emulator.ipynb
[I 2025-06-06 23:46:03.282 ServerApp] Saving file at /TOV_Emulator.ipynb
[I 2025-06-06 23:50:03.913 ServerApp] Saving file at /TOV_Emulator.ipynb
[I 2025-06-06 23:52:04.463 ServerApp] Saving file at /TOV_Emulator.ipynb
[I 2025-06-06 23:55:10.785 ServerApp] Saving file at /TOV_Emulator.ipynb
[I 2025-06-06 23:57:11.236 ServerApp] Saving file at /TOV_Emulator.ipynb
[W 2025-06-07 00:02:52.206 ServerApp] WebSocket ping timeout after 119911 ms.
[I 2025-06-07 00:02:57.210 ServerApp] Starting buffering for 23574fd2-cdcc-4d4c-a7d7-32a6a8e4b35c:2f096bc1-a7cc-4489-8c44-3313db5ae9f3
[I 2025-06-07 00:11:45.085 ServerApp] Connecting to kernel 23574fd2-cdcc-4d4c-a7d7-32a6a8e4b35c.
[I 2025-06-07 00:11:45.085 ServerApp] Restoring connection for 23574fd2-cdcc-4d4c-a7d7-32a6a8e4b35c:2f096bc1-a7cc-4489-8c44-3313db5ae9f3
[I 2025-06-07 00:17:22.897 ServerApp] Saving file at /TOV_Emulator.ipynb
[I 2025-06-07 00:19:24.421 ServerApp] Saving file at /TOV_Emulator.ipynb
[I 2025-06-07 00:23:35.559 ServerApp] Saving file at /TOV_Emulator.ipynb
[I 2025-06-07 00:27:35.955 ServerApp] Saving file at /TOV_Emulator.ipynb
[I 2025-06-07 00:55:53.917 ServerApp] Saving file at /TOV_Emulator.ipynb
[I 2025-06-07 00:57:54.632 ServerApp] Saving file at /TOV_Emulator.ipynb
[I 2025-06-07 01:01:55.088 ServerApp] Saving file at /TOV_Emulator.ipynb
[I 2025-06-07 01:03:55.360 ServerApp] Saving file at /TOV_Emulator.ipynb
[I 2025-06-07 01:05:55.636 ServerApp] Saving file at /TOV_Emulator.ipynb
[I 2025-06-07 01:07:55.906 ServerApp] Saving file at /TOV_Emulator.ipynb
[I 2025-06-07 01:11:56.512 ServerApp] Saving file at /TOV_Emulator.ipynb
[I 2025-06-07 01:13:57.003 ServerApp] Saving file at /TOV_Emulator.ipynb
[I 2025-06-07 01:16:07.337 ServerApp] Kernel interrupted: 23574fd2-cdcc-4d4c-a7d7-32a6a8e4b35c
[I 2025-06-07 01:17:57.281 ServerApp] Saving file at /TOV_Emulator.ipynb
[I 2025-06-07 01:19:57.557 ServerApp] Saving file at /TOV_Emulator.ipynb
[I 2025-06-07 01:21:57.837 ServerApp] Saving file at /TOV_Emulator.ipynb
[I 2025-06-07 01:23:58.200 ServerApp] Saving file at /TOV_Emulator.ipynb
[I 2025-06-07 01:25:58.470 ServerApp] Saving file at /TOV_Emulator.ipynb
[I 2025-06-07 01:27:58.760 ServerApp] Saving file at /TOV_Emulator.ipynb
[I 2025-06-07 01:29:59.044 ServerApp] Saving file at /TOV_Emulator.ipynb
[I 2025-06-07 01:33:59.345 ServerApp] Saving file at /TOV_Emulator.ipynb
[I 2025-06-07 01:35:59.599 ServerApp] Saving file at /TOV_Emulator.ipynb
[I 2025-06-07 01:37:59.894 ServerApp] Saving file at /TOV_Emulator.ipynb
[I 2025-06-07 01:38:18.786 ServerApp] Kernel restarted: 23574fd2-cdcc-4d4c-a7d7-32a6a8e4b35c
[I 2025-06-07 01:38:18.873 ServerApp] Starting buffering for 23574fd2-cdcc-4d4c-a7d7-32a6a8e4b35c:2f096bc1-a7cc-4489-8c44-3313db5ae9f3
[I 2025-06-07 01:38:19.247 ServerApp] Connecting to kernel 23574fd2-cdcc-4d4c-a7d7-32a6a8e4b35c.
[I 2025-06-07 01:38:19.247 ServerApp] Restoring connection for 23574fd2-cdcc-4d4c-a7d7-32a6a8e4b35c:2f096bc1-a7cc-4489-8c44-3313db5ae9f3
[I 2025-06-07 01:40:00.196 ServerApp] Saving file at /TOV_Emulator.ipynb
[I 2025-06-07 01:42:09.079 ServerApp] Saving file at /TOV_Emulator.ipynb
[I 2025-06-07 01:44:09.683 ServerApp] Saving file at /TOV_Emulator.ipynb
[I 2025-06-07 02:08:10.341 ServerApp] Saving file at /TOV_Emulator.ipynb
[I 2025-06-07 02:10:10.683 ServerApp] Saving file at /TOV_Emulator.ipynb
[W 2025-06-07 02:15:49.248 ServerApp] WebSocket ping timeout after 119943 ms.
[I 2025-06-07 02:15:54.252 ServerApp] Starting buffering for 23574fd2-cdcc-4d4c-a7d7-32a6a8e4b35c:2f096bc1-a7cc-4489-8c44-3313db5ae9f3
[I 2025-06-07 02:20:38.428 ServerApp] Connecting to kernel 23574fd2-cdcc-4d4c-a7d7-32a6a8e4b35c.
[I 2025-06-07 02:20:38.428 ServerApp] Restoring connection for 23574fd2-cdcc-4d4c-a7d7-32a6a8e4b35c:2f096bc1-a7cc-4489-8c44-3313db5ae9f3
[W 2025-06-07 02:24:08.430 ServerApp] WebSocket ping timeout after 115431 ms.
[I 2025-06-07 02:24:13.432 ServerApp] Starting buffering for 23574fd2-cdcc-4d4c-a7d7-32a6a8e4b35c:2f096bc1-a7cc-4489-8c44-3313db5ae9f3
[I 2025-06-07 10:55:42.460 ServerApp] Connecting to kernel 23574fd2-cdcc-4d4c-a7d7-32a6a8e4b35c.
[I 2025-06-07 10:55:42.460 ServerApp] Restoring connection for 23574fd2-cdcc-4d4c-a7d7-32a6a8e4b35c:2f096bc1-a7cc-4489-8c44-3313db5ae9f3
[I 2025-06-07 10:57:25.202 ServerApp] Saving file at /TOV_Emulator.ipynb
[I 2025-06-07 10:59:25.512 ServerApp] Saving file at /TOV_Emulator.ipynb
[I 2025-06-07 11:01:25.806 ServerApp] Saving file at /TOV_Emulator.ipynb
[I 2025-06-07 11:03:26.200 ServerApp] Saving file at /TOV_Emulator.ipynb
[I 2025-06-07 11:05:26.571 ServerApp] Saving file at /TOV_Emulator.ipynb
[I 2025-06-07 11:07:26.919 ServerApp] Saving file at /TOV_Emulator.ipynb
[I 2025-06-07 11:09:27.237 ServerApp] Saving file at /TOV_Emulator.ipynb
[I 2025-06-07 11:11:27.598 ServerApp] Saving file at /TOV_Emulator.ipynb
[I 2025-06-07 11:13:27.900 ServerApp] Saving file at /TOV_Emulator.ipynb
[I 2025-06-07 11:14:08.870 ServerApp] Connecting to kernel 23574fd2-cdcc-4d4c-a7d7-32a6a8e4b35c.
[I 2025-06-07 11:15:28.185 ServerApp] Saving file at /TOV_Emulator.ipynb
[I 2025-06-07 11:17:28.435 ServerApp] Saving file at /TOV_Emulator.ipynb
[I 2025-06-07 11:21:28.698 ServerApp] Saving file at /TOV_Emulator.ipynb
[I 2025-06-07 11:23:28.968 ServerApp] Saving file at /TOV_Emulator.ipynb
[W 2025-06-07 11:26:12.462 ServerApp] WebSocket ping timeout after 119947 ms.
[I 2025-06-07 11:26:17.464 ServerApp] Starting buffering for 23574fd2-cdcc-4d4c-a7d7-32a6a8e4b35c:2f096bc1-a7cc-4489-8c44-3313db5ae9f3
[I 2025-06-07 11:37:09.063 ServerApp] Connecting to kernel 23574fd2-cdcc-4d4c-a7d7-32a6a8e4b35c.
[I 2025-06-07 11:37:09.063 ServerApp] Restoring connection for 23574fd2-cdcc-4d4c-a7d7-32a6a8e4b35c:2f096bc1-a7cc-4489-8c44-3313db5ae9f3
[I 2025-06-07 11:37:28.862 ServerApp] Saving file at /TOV_Emulator.ipynb
[W 2025-06-07 11:49:09.066 ServerApp] WebSocket ping timeout after 119945 ms.
[I 2025-06-07 11:49:14.069 ServerApp] Starting buffering for 23574fd2-cdcc-4d4c-a7d7-32a6a8e4b35c:2f096bc1-a7cc-4489-8c44-3313db5ae9f3
[I 2025-06-07 12:00:05.286 ServerApp] Connecting to kernel 23574fd2-cdcc-4d4c-a7d7-32a6a8e4b35c.
[I 2025-06-07 12:00:05.286 ServerApp] Restoring connection for 23574fd2-cdcc-4d4c-a7d7-32a6a8e4b35c:2f096bc1-a7cc-4489-8c44-3313db5ae9f3
[W 2025-06-07 12:56:35.289 ServerApp] WebSocket ping timeout after 107242 ms.
[I 2025-06-07 12:56:40.290 ServerApp] Starting buffering for 23574fd2-cdcc-4d4c-a7d7-32a6a8e4b35c:2f096bc1-a7cc-4489-8c44-3313db5ae9f3
[I 2025-07-23 18:20:15.954 ServerApp] jupyter_lsp | extension was successfully linked.
[I 2025-07-23 18:20:15.966 ServerApp] jupyter_server_terminals | extension was successfully linked.
[I 2025-07-23 18:20:15.975 ServerApp] jupyterlab | extension was successfully linked.
[I 2025-07-23 18:20:15.982 ServerApp] notebook | extension was successfully linked.
[I 2025-07-23 18:20:17.409 ServerApp] notebook_shim | extension was successfully linked.
[I 2025-07-23 18:20:17.489 ServerApp] notebook_shim | extension was successfully loaded.
[I 2025-07-23 18:20:17.496 ServerApp] jupyter_lsp | extension was successfully loaded.
[I 2025-07-23 18:20:17.499 ServerApp] jupyter_server_terminals | extension was successfully loaded.
[I 2025-07-23 18:20:17.509 LabApp] JupyterLab extension loaded from /home/bhaskar.biswas/miniconda3/lib/python3.12/site-packages/jupyterlab
[I 2025-07-23 18:20:17.509 LabApp] JupyterLab application directory is /home/bhaskar.biswas/miniconda3/share/jupyter/lab
[I 2025-07-23 18:20:17.510 LabApp] Extension Manager is 'pypi'.
[I 2025-07-23 18:20:17.541 ServerApp] jupyterlab | extension was successfully loaded.
[I 2025-07-23 18:20:17.547 ServerApp] notebook | extension was successfully loaded.
[I 2025-07-23 18:20:17.548 ServerApp] Serving notebooks from local directory: /home/bhaskar.biswas/TOV-Emulator/COMMA_emulator
[I 2025-07-23 18:20:17.548 ServerApp] Jupyter Server 2.15.0 is running at:
[I 2025-07-23 18:20:17.548 ServerApp] http://localhost:9999/tree?token=def047a07e8c9cff5689f03f93d523adeba6104d49f150ea
[I 2025-07-23 18:20:17.548 ServerApp]     http://127.0.0.1:9999/tree?token=def047a07e8c9cff5689f03f93d523adeba6104d49f150ea
[I 2025-07-23 18:20:17.548 ServerApp] Use Control-C to stop this server and shut down all kernels (twice to skip confirmation).
[C 2025-07-23 18:20:17.552 ServerApp] 
    
    To access the server, open this file in a browser:
        file:///home/bhaskar.biswas/.local/share/jupyter/runtime/jpserver-478325-open.html
    Or copy and paste one of these URLs:
        http://localhost:9999/tree?token=def047a07e8c9cff5689f03f93d523adeba6104d49f150ea
        http://127.0.0.1:9999/tree?token=def047a07e8c9cff5689f03f93d523adeba6104d49f150ea
[I 2025-07-23 18:20:17.585 ServerApp] Skipped non-installed server(s): bash-language-server, dockerfile-language-server-nodejs, javascript-typescript-langserver, jedi-language-server, julia-language-server, pyright, python-language-server, python-lsp-server, r-languageserver, sql-language-server, texlab, typescript-language-server, unified-language-server, vscode-css-languageserver-bin, vscode-html-languageserver-bin, vscode-json-languageserver-bin, yaml-language-server
[I 2025-07-23 18:23:16.585 ServerApp] Kernel started: 6c49cd32-9069-4f99-8db0-a6f7c1f77705
[I 2025-07-23 18:23:17.572 ServerApp] Connecting to kernel 6c49cd32-9069-4f99-8db0-a6f7c1f77705.
[I 2025-07-23 18:23:17.579 ServerApp] Connecting to kernel 6c49cd32-9069-4f99-8db0-a6f7c1f77705.
[I 2025-07-23 18:23:17.584 ServerApp] Connecting to kernel 6c49cd32-9069-4f99-8db0-a6f7c1f77705.
[I 2025-07-23 18:23:17.605 ServerApp] Connecting to kernel 6c49cd32-9069-4f99-8db0-a6f7c1f77705.
[I 2025-07-23 18:27:18.008 ServerApp] Saving file at /TOV_Emulator.ipynb
[I 2025-07-23 18:29:18.306 ServerApp] Saving file at /TOV_Emulator.ipynb
[I 2025-07-23 18:32:44.228 ServerApp] Connecting to kernel 6c49cd32-9069-4f99-8db0-a6f7c1f77705.
[I 2025-07-23 18:41:18.926 ServerApp] Saving file at /TOV_Emulator.ipynb
[I 2025-07-23 18:43:19.507 ServerApp] Saving file at /TOV_Emulator.ipynb
[I 2025-07-23 18:45:19.789 ServerApp] Saving file at /TOV_Emulator.ipynb
[I 2025-07-23 18:51:20.167 ServerApp] Saving file at /TOV_Emulator.ipynb
[I 2025-07-23 18:55:20.641 ServerApp] Saving file at /TOV_Emulator.ipynb
[I 2025-07-23 18:57:21.064 ServerApp] Saving file at /TOV_Emulator.ipynb
[I 2025-07-23 18:59:21.641 ServerApp] Saving file at /TOV_Emulator.ipynb
[I 2025-07-23 19:01:22.544 ServerApp] Saving file at /TOV_Emulator.ipynb
[I 2025-07-23 19:09:23.383 ServerApp] Saving file at /TOV_Emulator.ipynb
[I 2025-07-23 19:11:24.042 ServerApp] Saving file at /TOV_Emulator.ipynb
[I 2025-07-23 19:13:24.685 ServerApp] Saving file at /TOV_Emulator.ipynb
[W 2025-07-23 19:21:47.580 ServerApp] WebSocket ping timeout after 119843 ms.
[I 2025-07-23 19:21:52.582 ServerApp] Starting buffering for 6c49cd32-9069-4f99-8db0-a6f7c1f77705:bb9b3033-36c8-42fa-b7cc-ebb65dda1519
[I 2025-07-24 21:26:03.025 ServerApp] Connecting to kernel 6c49cd32-9069-4f99-8db0-a6f7c1f77705.
[I 2025-07-24 21:26:03.026 ServerApp] Restoring connection for 6c49cd32-9069-4f99-8db0-a6f7c1f77705:bb9b3033-36c8-42fa-b7cc-ebb65dda1519
[I 2025-07-24 21:27:39.512 ServerApp] Saving file at /TOV_Emulator.ipynb
[I 2025-07-24 21:29:39.812 ServerApp] Saving file at /TOV_Emulator.ipynb
[I 2025-07-24 21:31:40.160 ServerApp] Saving file at /TOV_Emulator.ipynb
[I 2025-07-24 21:33:40.489 ServerApp] Saving file at /TOV_Emulator.ipynb
[I 2025-07-24 21:35:40.781 ServerApp] Saving file at /TOV_Emulator.ipynb
[I 2025-07-24 21:39:41.223 ServerApp] Saving file at /TOV_Emulator.ipynb
[I 2025-07-24 21:41:41.580 ServerApp] Saving file at /TOV_Emulator.ipynb
[I 2025-07-24 21:43:41.871 ServerApp] Saving file at /TOV_Emulator.ipynb
[I 2025-07-24 21:45:42.198 ServerApp] Saving file at /TOV_Emulator.ipynb
[I 2025-07-24 21:47:42.438 ServerApp] Saving file at /TOV_Emulator.ipynb
[I 2025-07-24 21:49:42.668 ServerApp] Saving file at /TOV_Emulator.ipynb
[I 2025-07-24 21:51:42.901 ServerApp] Saving file at /TOV_Emulator.ipynb
[I 2025-07-24 21:53:43.187 ServerApp] Saving file at /TOV_Emulator.ipynb
[I 2025-07-24 21:55:43.427 ServerApp] Saving file at /TOV_Emulator.ipynb
[I 2025-07-24 21:57:43.792 ServerApp] Saving file at /TOV_Emulator.ipynb
[I 2025-07-24 21:59:44.099 ServerApp] Saving file at /TOV_Emulator.ipynb
[I 2025-07-24 22:03:44.390 ServerApp] Saving file at /TOV_Emulator.ipynb
[I 2025-07-24 22:05:44.679 ServerApp] Saving file at /TOV_Emulator.ipynb
[I 2025-07-24 22:07:44.971 ServerApp] Saving file at /TOV_Emulator.ipynb
[I 2025-07-24 22:11:45.270 ServerApp] Saving file at /TOV_Emulator.ipynb
[I 2025-07-24 22:13:45.567 ServerApp] Saving file at /TOV_Emulator.ipynb
[W 2025-07-24 22:19:03.028 ServerApp] WebSocket ping timeout after 119949 ms.
[I 2025-07-24 22:19:08.029 ServerApp] Starting buffering for 6c49cd32-9069-4f99-8db0-a6f7c1f77705:bb9b3033-36c8-42fa-b7cc-ebb65dda1519
[I 2025-07-24 22:19:46.028 ServerApp] Connecting to kernel 6c49cd32-9069-4f99-8db0-a6f7c1f77705.
[I 2025-07-24 22:19:46.028 ServerApp] Restoring connection for 6c49cd32-9069-4f99-8db0-a6f7c1f77705:bb9b3033-36c8-42fa-b7cc-ebb65dda1519
[W 2025-07-24 22:23:16.032 ServerApp] WebSocket ping timeout after 119878 ms.
[W 2025-07-24 22:23:17.697 ServerApp] 
[W 2025-07-24 22:23:17.698 ServerApp] 
[W 2025-07-24 22:23:17.699 ServerApp] 
[W 2025-07-24 22:23:17.700 ServerApp] 
[W 2025-07-24 22:23:17.701 ServerApp] 
[W 2025-07-24 22:23:17.702 ServerApp] 
[W 2025-07-24 22:23:17.703 ServerApp] 
[W 2025-07-24 22:23:17.704 ServerApp] 
[W 2025-07-24 22:23:17.705 ServerApp] 
[W 2025-07-24 22:23:17.706 ServerApp] 
[W 2025-07-24 22:23:17.707 ServerApp] 
[W 2025-07-24 22:23:17.708 ServerApp] 
[W 2025-07-24 22:23:17.710 ServerApp] 
[W 2025-07-24 22:23:17.711 ServerApp] 
[W 2025-07-24 22:23:17.712 ServerApp] 
[W 2025-07-24 22:23:17.713 ServerApp] 
[I 2025-07-24 22:23:21.035 ServerApp] Starting buffering for 6c49cd32-9069-4f99-8db0-a6f7c1f77705:bb9b3033-36c8-42fa-b7cc-ebb65dda1519
[I 2025-07-24 22:36:13.257 ServerApp] Connecting to kernel 6c49cd32-9069-4f99-8db0-a6f7c1f77705.
[I 2025-07-24 22:36:13.257 ServerApp] Restoring connection for 6c49cd32-9069-4f99-8db0-a6f7c1f77705:bb9b3033-36c8-42fa-b7cc-ebb65dda1519
[I 2025-07-24 22:36:55.593 ServerApp] Saving file at /TOV_Emulator.ipynb
[I 2025-07-24 22:48:59.536 ServerApp] Kernel restarted: 6c49cd32-9069-4f99-8db0-a6f7c1f77705
[I 2025-07-24 22:48:59.589 ServerApp] Starting buffering for 6c49cd32-9069-4f99-8db0-a6f7c1f77705:bb9b3033-36c8-42fa-b7cc-ebb65dda1519
[I 2025-07-24 22:48:59.693 ServerApp] Connecting to kernel 6c49cd32-9069-4f99-8db0-a6f7c1f77705.
[I 2025-07-24 22:48:59.693 ServerApp] Restoring connection for 6c49cd32-9069-4f99-8db0-a6f7c1f77705:bb9b3033-36c8-42fa-b7cc-ebb65dda1519
[I 2025-07-24 22:50:56.229 ServerApp] Saving file at /TOV_Emulator.ipynb
[I 2025-07-24 22:52:56.627 ServerApp] Saving file at /TOV_Emulator.ipynb
[I 2025-07-24 22:54:57.035 ServerApp] Saving file at /TOV_Emulator.ipynb
[W 2025-07-24 23:01:59.694 ServerApp] WebSocket ping timeout after 119947 ms.
[I 2025-07-24 23:02:04.698 ServerApp] Starting buffering for 6c49cd32-9069-4f99-8db0-a6f7c1f77705:bb9b3033-36c8-42fa-b7cc-ebb65dda1519
[I 2025-07-24 23:07:04.595 ServerApp] Connecting to kernel 6c49cd32-9069-4f99-8db0-a6f7c1f77705.
[I 2025-07-24 23:07:04.595 ServerApp] Restoring connection for 6c49cd32-9069-4f99-8db0-a6f7c1f77705:bb9b3033-36c8-42fa-b7cc-ebb65dda1519
[I 2025-07-24 23:07:04.604 ServerApp] Replaying 3 buffered messages
[I 2025-07-24 23:08:21.387 ServerApp] Saving file at /TOV_Emulator.ipynb
[I 2025-07-24 23:10:21.684 ServerApp] Saving file at /TOV_Emulator.ipynb
[W 2025-07-24 23:14:04.598 ServerApp] WebSocket ping timeout after 119848 ms.
[I 2025-07-24 23:14:09.602 ServerApp] Starting buffering for 6c49cd32-9069-4f99-8db0-a6f7c1f77705:bb9b3033-36c8-42fa-b7cc-ebb65dda1519
