/var/spool/slurmd/job00254/slurm_script: line 3: bilby: No such file or directory
14:50 bilby_pipe INFO    : Running bilby_pipe version: 1.5.0
14:50 bilby_pipe INFO    : Running bilby version: 2.4.0
14:50 bilby_pipe INFO    : Command line arguments: Namespace(ini='outdir_13.02.fast_tutorial/13.02.fast_tutorial_config_complete.ini', verbose=False, calibration_model=None, calibration_correction_type='data', spline_calibration_envelope_dict=None, spline_calibration_nodes=10, spline_calibration_amplitude_uncertainty_dict=None, spline_calibration_phase_uncertainty_dict=None, calibration_prior_boundary='reflective', idx=0, data_dump_file=None, ignore_gwpy_data_quality_check=True, gps_tuple=None, gps_file=None, timeslide_file=None, timeslide_dict=None, trigger_time='0', n_simulation=1, data_dict=None, data_format=None, allow_tape=True, channel_dict=None, frame_type_dict=None, data_find_url='https://datafind.igwn.org', data_find_urltype='osdf', gaussian_noise=True, zero_noise=False, coherence_test=False, detectors=['H1', 'L1'], duration=4.0, generation_seed=None, psd_dict=None, psd_fractional_overlap=0.5, post_trigger_duration=2.0, sampling_frequency=4096.0, psd_length=32, psd_maximum_duration=1024, psd_method='median', psd_start_time=None, maximum_frequency=None, minimum_frequency='20', tukey_roll_off=0.4, resampling_method='lal', injection=True, injection_dict=None, injection_file='outdir_13.02.fast_tutorial/data/13.02.fast_tutorial_injection_file.dat', injection_numbers=[None], injection_waveform_approximant=None, injection_frequency_domain_source_model=None, injection_waveform_arguments=None, accounting='FILL_THIS_IN', accounting_user=None, label='13-02-fast_tutorial_data0_0_generation', local=False, local_generation=False, generation_pool='local-pool', local_plot=False, outdir='outdir_13.02.fast_tutorial', overwrite_outdir=False, periodic_restart_time=28800, request_disk=5.0, request_memory=8.0, request_memory_generation=None, request_cpus=4, conda_env=None, scheduler='slurm', scheduler_args='partition=all', scheduler_module=[None], scheduler_env='bilby', scheduler_analysis_time='7-00:00:00', submit=False, condor_job_priority=0, transfer_files=True, additional_transfer_paths=[None], environment_variables=None, getenv=[None], disable_hdf5_locking=False, log_directory=None, osg=False, desired_sites=None, analysis_executable=None, analysis_executable_parser=None, scitoken_issuer=None, container=None, calibration_marginalization=False, distance_marginalization=False, distance_marginalization_lookup_table=None, phase_marginalization=False, time_marginalization=False, jitter_time=True, reference_frame='sky', time_reference='geocent', likelihood_type='GravitationalWaveTransient', calibration_lookup_table=None, number_of_response_curves=1000, roq_folder=None, roq_linear_matrix=None, roq_quadratic_matrix=None, roq_weights=None, roq_weight_format='hdf5', roq_scale_factor=1.0, fiducial_parameters=None, update_fiducial_parameters=False, epsilon=0.025, extra_likelihood_kwargs=None, plot_trace=False, plot_data=False, plot_injection=False, plot_spectrogram=False, plot_calibration=False, plot_corner=False, plot_marginal=False, plot_skymap=False, plot_waveform=False, plot_format='png', create_summary=False, email=None, notification='Never', queue=None, existing_dir=None, webdir=None, summarypages_arguments=None, result_format='hdf5', final_result=True, final_result_nsamples=20000, default_prior='BBHPriorDict', deltaT=0.2, prior_file='/cluster/users/venkatek/13.02.fast_tutorial.prior', prior_dict=None, enforce_signal_duration=True, postprocessing_executable=None, postprocessing_arguments=None, single_postprocessing_executable=None, single_postprocessing_arguments=None, sampler='dynesty', sampling_seed=None, n_parallel=2, sampler_kwargs="{'nlive': 1000, 'naccept': 60, 'check_point_plot': True, 'check_point_delta_t': 1800, 'print_method': 'interval-60', 'sample': 'acceptance-walk', 'npool': 4}", reweighting_configuration=None, reweight_nested_samples=True, waveform_generator='bilby.gw.waveform_generator.LALCBCWaveformGenerator', reference_frequency=20.0, waveform_approximant='IMRPhenomPv2', catch_waveform_errors=True, pn_spin_order=-1, pn_tidal_order=-1, pn_phase_order=-1, pn_amplitude_order=0, numerical_relativity_file=None, waveform_arguments_dict=None, mode_array=[None], frequency_domain_source_model='lal_binary_black_hole', conversion_function=None, generation_function=None)
14:50 bilby_pipe INFO    : Unknown command line arguments: []
14:50 bilby_pipe INFO    : Generation seed set to 232819
14:50 bilby_pipe INFO    : PSD duration set to 128.0s, 32x the duration 4.0s
14:50 bilby_pipe INFO    : Injecting waveform with 
14:50 bilby_pipe INFO    : minimum_frequency = 20.0
14:50 bilby_pipe INFO    : maximum_frequency = 2048.0
14:50 bilby_pipe INFO    : trigger_time = 0.0
14:50 bilby_pipe INFO    : start_time = -2.0
14:50 bilby_pipe INFO    : duration = 4.0
14:50 bilby_pipe INFO    : Simulating strain data from psd-colored noise
14:50 bilby_pipe INFO    : Using waveform arguments: {'reference_frequency': 20.0, 'waveform_approximant': 'IMRPhenomPv2', 'minimum_frequency': 20.0, 'maximum_frequency': 2048.0, 'catch_waveform_errors': True, 'pn_spin_order': -1, 'pn_tidal_order': -1, 'pn_phase_order': -1, 'pn_amplitude_order': 0, 'mode_array': None, 'numerical_relativity_file': None}
14:50 bilby INFO    : Waveform generator initiated with
  frequency_domain_source_model: bilby.gw.source.lal_binary_black_hole
  time_domain_source_model: None
  parameter_conversion: bilby.gw.conversion.convert_to_lal_binary_black_hole_parameters
14:50 bilby WARNING : There are unused waveform kwargs. This is deprecated behavior and will
result in an error in future releases. Make sure all of the waveform kwargs are correctly
spelled.

Unused waveform_kwargs: {'numerical_relativity_file': None}

14:50 bilby INFO    : Injected signal in H1:
14:50 bilby INFO    :   optimal SNR = 2.61
14:50 bilby INFO    :   matched filter SNR = 1.94-0.73j
14:50 bilby INFO    :   mass_1 = 50.0
14:50 bilby INFO    :   mass_2 = 45.0
14:50 bilby INFO    :   a_1 = 0.0
14:50 bilby INFO    :   a_2 = 0.0
14:50 bilby INFO    :   tilt_1 = 0.0
14:50 bilby INFO    :   tilt_2 = 0.0
14:50 bilby INFO    :   phi_12 = 0.0
14:50 bilby INFO    :   phi_jl = 0.0
14:50 bilby INFO    :   luminosity_distance = 2241.5536865724875
14:50 bilby INFO    :   dec = -0.2
14:50 bilby INFO    :   ra = 1.4
14:50 bilby INFO    :   theta_jn = 1.2327738902224297
14:50 bilby INFO    :   psi = 0.0
14:50 bilby INFO    :   phase = 0.0
14:50 bilby INFO    :   geocent_time = 0.0
14:50 bilby INFO    : Injected signal in L1:
14:50 bilby INFO    :   optimal SNR = 3.18
14:50 bilby INFO    :   matched filter SNR = 4.71-0.06j
14:50 bilby INFO    :   mass_1 = 50.0
14:50 bilby INFO    :   mass_2 = 45.0
14:50 bilby INFO    :   a_1 = 0.0
14:50 bilby INFO    :   a_2 = 0.0
14:50 bilby INFO    :   tilt_1 = 0.0
14:50 bilby INFO    :   tilt_2 = 0.0
14:50 bilby INFO    :   phi_12 = 0.0
14:50 bilby INFO    :   phi_jl = 0.0
14:50 bilby INFO    :   luminosity_distance = 2241.5536865724875
14:50 bilby INFO    :   dec = -0.2
14:50 bilby INFO    :   ra = 1.4
14:50 bilby INFO    :   theta_jn = 1.2327738902224297
14:50 bilby INFO    :   psi = 0.0
14:50 bilby INFO    :   phase = 0.0
14:50 bilby INFO    :   geocent_time = 0.0
14:50 bilby INFO    : Waveform generator initiated with
  frequency_domain_source_model: bilby.gw.source.lal_binary_black_hole
  time_domain_source_model: None
  parameter_conversion: bilby.gw.conversion.convert_to_lal_binary_black_hole_parameters
14:50 bilby_pipe INFO    : Completed data generation
