14:32 INFO    : Waveform generator initiated with
  frequency_domain_source_model: bilby.gw.source.lal_binary_neutron_star
  time_domain_source_model: None
  parameter_conversion: bilby.gw.conversion.convert_to_lal_binary_neutron_star_parameters
14:32 INFO    : Injected signal in H1:
14:32 INFO    :   optimal SNR = 34.44
14:32 INFO    :   matched filter SNR = 34.66-0.22j
14:32 INFO    :   mass_1 = 1.5
14:32 INFO    :   mass_2 = 1.3
14:32 INFO    :   chi_1 = 0.02
14:32 INFO    :   chi_2 = 0.02
14:32 INFO    :   luminosity_distance = 50.0
14:32 INFO    :   theta_jn = 0.4
14:32 INFO    :   psi = 2.659
14:32 INFO    :   phase = 1.3
14:32 INFO    :   geocent_time = 1126259642.413
14:32 INFO    :   ra = 1.375
14:32 INFO    :   dec = -1.2108
14:32 INFO    :   lambda_1 = 545
14:32 INFO    :   lambda_2 = 1346
14:32 INFO    : Injected signal in L1:
14:32 INFO    :   optimal SNR = 27.88
14:32 INFO    :   matched filter SNR = 26.06+0.86j
14:32 INFO    :   mass_1 = 1.5
14:32 INFO    :   mass_2 = 1.3
14:32 INFO    :   chi_1 = 0.02
14:32 INFO    :   chi_2 = 0.02
14:32 INFO    :   luminosity_distance = 50.0
14:32 INFO    :   theta_jn = 0.4
14:32 INFO    :   psi = 2.659
14:32 INFO    :   phase = 1.3
14:32 INFO    :   geocent_time = 1126259642.413
14:32 INFO    :   ra = 1.375
14:32 INFO    :   dec = -1.2108
14:32 INFO    :   lambda_1 = 545
14:32 INFO    :   lambda_2 = 1346
14:32 INFO    : No prior given, using default BNS priors in /home/kay/anaconda3/envs/thesis/lib/python3.11/site-packages/bilby/gw/prior_files/aligned_spins_bns_tides_on.prior.
14:32 INFO    : Running for label 'fast_4param_bns', output will be saved to 'outdir_fast_4param_bns'
14:32 INFO    : Performing redundancy check using BBHPriorDict(self).test_redundancy
14:32 INFO    : Performing redundancy check using BBHPriorDict(self).test_redundancy
14:32 INFO    : Performing redundancy check using BBHPriorDict(self).test_redundancy
14:32 INFO    : Performing redundancy check using BBHPriorDict(self).test_redundancy
14:32 INFO    : Performing redundancy check using BBHPriorDict(self).test_redundancy
14:32 INFO    : Performing redundancy check using BBHPriorDict(self).test_redundancy
14:32 INFO    : Performing redundancy check using BBHPriorDict(self).test_redundancy
14:32 INFO    : Performing redundancy check using BBHPriorDict(self).test_redundancy
14:32 INFO    : Performing redundancy check using BBHPriorDict(self).test_redundancy
14:32 INFO    : Performing redundancy check using BBHPriorDict(self).test_redundancy
14:32 INFO    : Performing redundancy check using BBHPriorDict(self).test_redundancy
14:32 INFO    : Performing redundancy check using BBHPriorDict(self).test_redundancy
14:32 INFO    : Performing redundancy check using BBHPriorDict(self).test_redundancy
14:32 INFO    : Performing redundancy check using BBHPriorDict(self).test_redundancy
14:32 INFO    : Performing redundancy check using BBHPriorDict(self).test_redundancy
14:32 INFO    : Performing redundancy check using BBHPriorDict(self).test_redundancy
14:32 INFO    : Performing redundancy check using BBHPriorDict(self).test_redundancy
14:32 INFO    : Using lal version 7.6.1
14:32 INFO    : Using lal git version Branch: None;Tag: lalsuite-v7.25;Id: fafc22fe7c166517798534eeca175f27a66e0138;;Builder: Unknown User <>;Repository status: CLEAN: All modifications committed
14:32 INFO    : Using lalsimulation version 6.1.0
14:32 INFO    : Using lalsimulation git version Branch: None;Tag: lalsuite-v7.25;Id: fafc22fe7c166517798534eeca175f27a66e0138;;Builder: Unknown User <>;Repository status: CLEAN: All modifications committed
14:32 INFO    : Analysis priors:
14:32 INFO    : chirp_mass=Gaussian(mu=1.215, sigma=0.1, name='chirp_mass', latex_label='$\\mathcal{M}$', unit='$M_{\\odot}$', boundary=None)
14:32 INFO    : luminosity_distance=bilby.gw.prior.UniformSourceFrame(minimum=100.0, maximum=5000.0, cosmology='Planck15', name='luminosity_distance', latex_label='$d_L$', unit='Mpc', boundary=None)
14:32 INFO    : theta_jn=Sine(minimum=0, maximum=3.141592653589793, name='theta_jn', latex_label='$\\theta_{JN}$', unit=None, boundary=None)
14:32 INFO    : symmetric_mass_ratio=Uniform(minimum=0.1, maximum=0.25, name='symmetric_mass_ratio', latex_label='$\\eta$', unit=None, boundary=None)
14:32 INFO    : lambda_tilde=Uniform(minimum=0, maximum=5000, name='lambda_tilde', latex_label='$\\tilde{\\Lambda}$', unit=None, boundary=None)
14:32 INFO    : delta_lambda_tilde=Uniform(minimum=-500, maximum=1000, name='delta_lambda_tilde', latex_label='$\\delta\\tilde{\\Lambda}$', unit=None, boundary=None)
14:32 INFO    : mass_1=Constraint(minimum=0.5, maximum=5, name='mass_1', latex_label='$m_1$', unit=None)
14:32 INFO    : mass_2=Constraint(minimum=0.5, maximum=5, name='mass_2', latex_label='$m_2$', unit=None)
14:32 INFO    : lambda_1=Constraint(minimum=0, maximum=10000, name='lambda_1', latex_label='$\\Lambda_1$', unit=None)
14:32 INFO    : lambda_2=Constraint(minimum=0, maximum=10000, name='lambda_2', latex_label='$\\Lambda_2$', unit=None)
14:32 INFO    : dec=-1.2108
14:32 INFO    : ra=1.375
14:32 INFO    : psi=2.659
14:32 INFO    : phase=1.3
14:32 INFO    : chi_1=0.02
14:32 INFO    : chi_2=0.02
14:32 INFO    : geocent_time=1126259642.413
14:32 INFO    : Analysis likelihood class: <class 'bilby.gw.likelihood.base.GravitationalWaveTransient'>
14:32 INFO    : Analysis likelihood noise evidence: -63527.90844358076
14:32 INFO    : Single likelihood evaluation took 1.527e-02 s
14:32 INFO    : Using sampler Nestle with kwargs {'method': 'multi', 'npoints': 100, 'update_interval': None, 'npdim': None, 'maxiter': None, 'maxcall': None, 'dlogz': None, 'decline_factor': None, 'rstate': None, 'callback': <function print_progress at 0x7fb43bba6980>, 'steps': 20, 'enlarge': 1.2}
15:23 INFO    : Run interrupted by signal 2: checkpoint and exit on 130
15:23 INFO    : Waveform generator initiated with
  frequency_domain_source_model: bilby.gw.source.lal_binary_neutron_star
  time_domain_source_model: None
  parameter_conversion: bilby.gw.conversion.convert_to_lal_binary_neutron_star_parameters
15:23 INFO    : Injected signal in H1:
15:23 INFO    :   optimal SNR = 34.44
15:23 INFO    :   matched filter SNR = 34.66-0.22j
15:23 INFO    :   mass_1 = 1.5
15:23 INFO    :   mass_2 = 1.3
15:23 INFO    :   chi_1 = 0.02
15:23 INFO    :   chi_2 = 0.02
15:23 INFO    :   luminosity_distance = 50.0
15:23 INFO    :   theta_jn = 0.4
15:23 INFO    :   psi = 2.659
15:23 INFO    :   phase = 1.3
15:23 INFO    :   geocent_time = 1126259642.413
15:23 INFO    :   ra = 1.375
15:23 INFO    :   dec = -1.2108
15:23 INFO    :   lambda_1 = 545
15:23 INFO    :   lambda_2 = 1346
15:23 INFO    : Injected signal in L1:
15:23 INFO    :   optimal SNR = 27.88
15:23 INFO    :   matched filter SNR = 26.06+0.86j
15:23 INFO    :   mass_1 = 1.5
15:23 INFO    :   mass_2 = 1.3
15:23 INFO    :   chi_1 = 0.02
15:23 INFO    :   chi_2 = 0.02
15:23 INFO    :   luminosity_distance = 50.0
15:23 INFO    :   theta_jn = 0.4
15:23 INFO    :   psi = 2.659
15:23 INFO    :   phase = 1.3
15:23 INFO    :   geocent_time = 1126259642.413
15:23 INFO    :   ra = 1.375
15:23 INFO    :   dec = -1.2108
15:23 INFO    :   lambda_1 = 545
15:23 INFO    :   lambda_2 = 1346
15:23 INFO    : No prior given, using default BNS priors in /home/kay/anaconda3/envs/thesis/lib/python3.11/site-packages/bilby/gw/prior_files/aligned_spins_bns_tides_on.prior.
15:23 INFO    : Running for label 'fast_4param_bns', output will be saved to 'outdir_fast_4param_bns'
15:23 INFO    : Performing redundancy check using BBHPriorDict(self).test_redundancy
15:23 INFO    : Performing redundancy check using BBHPriorDict(self).test_redundancy
15:23 INFO    : Performing redundancy check using BBHPriorDict(self).test_redundancy
15:23 INFO    : Performing redundancy check using BBHPriorDict(self).test_redundancy
15:23 INFO    : Performing redundancy check using BBHPriorDict(self).test_redundancy
15:23 INFO    : Performing redundancy check using BBHPriorDict(self).test_redundancy
15:23 INFO    : Performing redundancy check using BBHPriorDict(self).test_redundancy
15:23 INFO    : Performing redundancy check using BBHPriorDict(self).test_redundancy
15:23 INFO    : Performing redundancy check using BBHPriorDict(self).test_redundancy
15:23 INFO    : Performing redundancy check using BBHPriorDict(self).test_redundancy
15:23 INFO    : Performing redundancy check using BBHPriorDict(self).test_redundancy
15:23 INFO    : Performing redundancy check using BBHPriorDict(self).test_redundancy
15:23 INFO    : Performing redundancy check using BBHPriorDict(self).test_redundancy
15:23 INFO    : Performing redundancy check using BBHPriorDict(self).test_redundancy
15:23 INFO    : Performing redundancy check using BBHPriorDict(self).test_redundancy
15:23 INFO    : Performing redundancy check using BBHPriorDict(self).test_redundancy
15:23 INFO    : Performing redundancy check using BBHPriorDict(self).test_redundancy
15:23 INFO    : Using lal version 7.6.1
15:23 INFO    : Using lal git version Branch: None;Tag: lalsuite-v7.25;Id: fafc22fe7c166517798534eeca175f27a66e0138;;Builder: Unknown User <>;Repository status: CLEAN: All modifications committed
15:23 INFO    : Using lalsimulation version 6.1.0
15:23 INFO    : Using lalsimulation git version Branch: None;Tag: lalsuite-v7.25;Id: fafc22fe7c166517798534eeca175f27a66e0138;;Builder: Unknown User <>;Repository status: CLEAN: All modifications committed
15:23 INFO    : Analysis priors:
15:23 INFO    : chirp_mass=Gaussian(mu=1.215, sigma=0.1, name='chirp_mass', latex_label='$\\mathcal{M}$', unit='$M_{\\odot}$', boundary=None)
15:23 INFO    : luminosity_distance=bilby.gw.prior.UniformSourceFrame(minimum=100.0, maximum=5000.0, cosmology='Planck15', name='luminosity_distance', latex_label='$d_L$', unit='Mpc', boundary=None)
15:23 INFO    : theta_jn=Sine(minimum=0, maximum=3.141592653589793, name='theta_jn', latex_label='$\\theta_{JN}$', unit=None, boundary=None)
15:23 INFO    : symmetric_mass_ratio=Uniform(minimum=0.1, maximum=0.25, name='symmetric_mass_ratio', latex_label='$\\eta$', unit=None, boundary=None)
15:23 INFO    : lambda_tilde=Uniform(minimum=0, maximum=5000, name='lambda_tilde', latex_label='$\\tilde{\\Lambda}$', unit=None, boundary=None)
15:23 INFO    : delta_lambda_tilde=Uniform(minimum=-500, maximum=1000, name='delta_lambda_tilde', latex_label='$\\delta\\tilde{\\Lambda}$', unit=None, boundary=None)
15:23 INFO    : mass_1=Constraint(minimum=0.5, maximum=5, name='mass_1', latex_label='$m_1$', unit=None)
15:23 INFO    : mass_2=Constraint(minimum=0.5, maximum=5, name='mass_2', latex_label='$m_2$', unit=None)
15:23 INFO    : lambda_1=Constraint(minimum=0, maximum=10000, name='lambda_1', latex_label='$\\Lambda_1$', unit=None)
15:23 INFO    : lambda_2=Constraint(minimum=0, maximum=10000, name='lambda_2', latex_label='$\\Lambda_2$', unit=None)
15:23 INFO    : dec=-1.2108
15:23 INFO    : ra=1.375
15:23 INFO    : psi=2.659
15:23 INFO    : phase=1.3
15:23 INFO    : chi_1=0.02
15:23 INFO    : chi_2=0.02
15:23 INFO    : geocent_time=1126259642.413
15:23 INFO    : Analysis likelihood class: <class 'bilby.gw.likelihood.base.GravitationalWaveTransient'>
15:23 INFO    : Analysis likelihood noise evidence: -63527.90844358076
15:23 INFO    : Single likelihood evaluation took 1.420e-02 s
15:23 INFO    : Using sampler Nestle with kwargs {'method': 'multi', 'npoints': 100, 'update_interval': None, 'npdim': None, 'maxiter': None, 'maxcall': None, 'dlogz': None, 'decline_factor': None, 'rstate': None, 'callback': <function print_progress at 0x7fc0d3eee980>, 'steps': 20, 'enlarge': 1.2}
18:12 INFO    : Run interrupted by signal 2: checkpoint and exit on 130
