/var/spool/slurmd/job00364/slurm_script: line 3: bilby: No such file or directory
18:57 bilby_pipe INFO    : Running bilby_pipe version: 1.5.0
18:57 bilby_pipe INFO    : Running bilby version: 2.4.0
18:57 bilby_pipe INFO    : Command line arguments: Namespace(ini='outdir_relative_binning_BNS_cluster/relative_binning_BNS_cluster_config_complete.ini', verbose=False, calibration_model=None, calibration_correction_type='data', spline_calibration_envelope_dict=None, spline_calibration_nodes=10, spline_calibration_amplitude_uncertainty_dict=None, spline_calibration_phase_uncertainty_dict=None, calibration_prior_boundary='reflective', idx=0, data_dump_file=None, ignore_gwpy_data_quality_check=True, gps_tuple=None, gps_file=None, timeslide_file=None, timeslide_dict=None, trigger_time='0', n_simulation=1, data_dict=None, data_format=None, allow_tape=True, channel_dict=None, frame_type_dict=None, data_find_url='https://datafind.igwn.org', data_find_urltype='osdf', gaussian_noise=True, zero_noise=False, coherence_test=False, detectors=['H1', 'L1', 'V1'], duration=32.0, generation_seed=88170235, psd_dict=None, psd_fractional_overlap=0.5, post_trigger_duration=2.0, sampling_frequency=4096.0, psd_length=32, psd_maximum_duration=1024, psd_method='median', psd_start_time=None, maximum_frequency=None, minimum_frequency='75.0', tukey_roll_off=0.4, resampling_method='lal', injection=True, injection_dict="{'fiducial': 1, 'mass_1': 1.5, 'mass_2': 1.3, 'chi_1': 0.02, 'chi_2':0.02, 'lambda_1': 545.0, 'lambda_2': 1346.0, 'luminosity_distance': 2000.0, 'theta_jn': 0.4, 'psi': 2.659, 'phase':1.3, 'geocent_time': 1126259642.413, 'ra': 1.375, 'dec': -1.2108}", injection_file=None, injection_numbers=[None], injection_waveform_approximant=None, injection_frequency_domain_source_model=None, injection_waveform_arguments=None, accounting='FILL_THIS_IN', accounting_user=None, label='relative_binning_BNS_cluster_data0_0_generation', local=False, local_generation=False, generation_pool='local-pool', local_plot=False, outdir='outdir_relative_binning_BNS_cluster', overwrite_outdir=False, periodic_restart_time=28800, request_disk=5.0, request_memory=8.0, request_memory_generation=None, request_cpus=32, conda_env=None, scheduler='slurm', scheduler_args='partition=all', scheduler_module=[None], scheduler_env='bilby', scheduler_analysis_time='7-00:00:00', submit=False, condor_job_priority=0, transfer_files=True, additional_transfer_paths=[None], environment_variables=None, getenv=[None], disable_hdf5_locking=False, log_directory=None, osg=False, desired_sites=None, analysis_executable=None, analysis_executable_parser=None, scitoken_issuer=None, container=None, calibration_marginalization=False, distance_marginalization=False, distance_marginalization_lookup_table=None, phase_marginalization=False, time_marginalization=False, jitter_time=True, reference_frame='sky', time_reference='geocent', likelihood_type='RelativeBinningGravitationalWaveTransient', calibration_lookup_table=None, number_of_response_curves=1000, roq_folder=None, roq_linear_matrix=None, roq_quadratic_matrix=None, roq_weights=None, roq_weight_format='hdf5', roq_scale_factor=1.0, fiducial_parameters="{'fiducial': 1, 'chirp_mass': 1.2150360414642816, 'symmetric_mass_ratio': 0.24872448979591844,'chi_1': 0.02, 'chi_2':0.02, 'lambda_1': 545.0, 'lambda_2': 1346.0, 'luminosity_distance': 2000.0, 'theta_jn': 0.4, 'psi': 2.659, 'phase':1.3, 'geocent_time': 1126259642.413, 'ra': 1.375, 'dec': -1.2108}", update_fiducial_parameters=False, epsilon=0.025, extra_likelihood_kwargs=None, plot_trace=False, plot_data=False, plot_injection=False, plot_spectrogram=False, plot_calibration=False, plot_corner=False, plot_marginal=False, plot_skymap=False, plot_waveform=False, plot_format='png', create_summary=False, email=None, notification='Never', queue=None, existing_dir=None, webdir=None, summarypages_arguments=None, result_format='hdf5', final_result=True, final_result_nsamples=20000, default_prior='BBHPriorDict', deltaT=0.2, prior_file='/cluster/users/venkatek/relative_binning_BNS_cluster.prior', prior_dict=None, enforce_signal_duration=True, postprocessing_executable=None, postprocessing_arguments=None, single_postprocessing_executable=None, single_postprocessing_arguments=None, sampler='dynesty', sampling_seed=None, n_parallel=1, sampler_kwargs="{'nlive': 1000, 'naccept': 60, 'check_point_plot': True, 'check_point_delta_t': 1800, 'print_method': 'interval-60', 'sample': 'acceptance-walk', 'plot': True, 'npool': 32}", reweighting_configuration=None, reweight_nested_samples=True, waveform_generator='bilby.gw.WaveformGenerator', reference_frequency=50.0, waveform_approximant='IMRPhenomPv2_NRTidal', catch_waveform_errors=True, pn_spin_order=-1, pn_tidal_order=-1, pn_phase_order=-1, pn_amplitude_order=0, numerical_relativity_file=None, waveform_arguments_dict="{'minimum_frequency': 75.0}", mode_array=[None], frequency_domain_source_model='lal_binary_neutron_star_relative_binning', conversion_function='bilby.gw.conversion.convert_to_lal_binary_neutron_star_parameters', generation_function=None)
18:57 bilby_pipe INFO    : Unknown command line arguments: []
18:57 bilby_pipe INFO    : Generation seed set to 88170235
18:57 bilby_pipe INFO    : PSD duration set to 1024.0s, 32x the duration 32.0s
18:57 bilby_pipe INFO    : Injecting waveform with 
18:57 bilby_pipe INFO    : minimum_frequency = 75.0
18:57 bilby_pipe INFO    : maximum_frequency = 2048.0
18:57 bilby_pipe INFO    : trigger_time = 0.0
18:57 bilby_pipe INFO    : start_time = -30.0
18:57 bilby_pipe INFO    : duration = 32.0
18:57 bilby_pipe INFO    : Simulating strain data from psd-colored noise
18:57 bilby_pipe INFO    : Using waveform arguments: {'reference_frequency': 50.0, 'waveform_approximant': 'IMRPhenomPv2_NRTidal', 'minimum_frequency': 75.0, 'maximum_frequency': 2048.0, 'catch_waveform_errors': True, 'pn_spin_order': -1, 'pn_tidal_order': -1, 'pn_phase_order': -1, 'pn_amplitude_order': 0, 'mode_array': None, 'numerical_relativity_file': None}
18:57 bilby INFO    : Waveform generator initiated with
  frequency_domain_source_model: bilby.gw.source.lal_binary_neutron_star_relative_binning
  time_domain_source_model: None
  parameter_conversion: bilby.gw.conversion.convert_to_lal_binary_neutron_star_parameters
18:57 bilby WARNING : There are unused waveform kwargs. This is deprecated behavior and will
result in an error in future releases. Make sure all of the waveform kwargs are correctly
spelled.

Unused waveform_kwargs: {'numerical_relativity_file': None}

18:57 bilby WARNING : Injecting signal outside segment, start_time=-30.0, merger time=1126259642.413.
18:57 bilby INFO    : Injected signal in H1:
18:57 bilby INFO    :   optimal SNR = 0.68
18:57 bilby INFO    :   matched filter SNR = -1.51-0.23j
18:57 bilby INFO    :   fiducial = 1.0
18:57 bilby INFO    :   mass_1 = 1.5
18:57 bilby INFO    :   mass_2 = 1.3
18:57 bilby INFO    :   chi_1 = 0.02
18:57 bilby INFO    :   chi_2 = 0.02
18:57 bilby INFO    :   lambda_1 = 545.0
18:57 bilby INFO    :   lambda_2 = 1346.0
18:57 bilby INFO    :   luminosity_distance = 2000.0
18:57 bilby INFO    :   theta_jn = 0.4
18:57 bilby INFO    :   psi = 2.659
18:57 bilby INFO    :   phase = 1.3
18:57 bilby INFO    :   geocent_time = 1126259642.413
18:57 bilby INFO    :   ra = 1.375
18:57 bilby INFO    :   dec = -1.2108
18:57 bilby WARNING : Injecting signal outside segment, start_time=-30.0, merger time=1126259642.413.
18:57 bilby INFO    : Injected signal in L1:
18:57 bilby INFO    :   optimal SNR = 0.55
18:57 bilby INFO    :   matched filter SNR = 0.34-1.37j
18:57 bilby INFO    :   fiducial = 1.0
18:57 bilby INFO    :   mass_1 = 1.5
18:57 bilby INFO    :   mass_2 = 1.3
18:57 bilby INFO    :   chi_1 = 0.02
18:57 bilby INFO    :   chi_2 = 0.02
18:57 bilby INFO    :   lambda_1 = 545.0
18:57 bilby INFO    :   lambda_2 = 1346.0
18:57 bilby INFO    :   luminosity_distance = 2000.0
18:57 bilby INFO    :   theta_jn = 0.4
18:57 bilby INFO    :   psi = 2.659
18:57 bilby INFO    :   phase = 1.3
18:57 bilby INFO    :   geocent_time = 1126259642.413
18:57 bilby INFO    :   ra = 1.375
18:57 bilby INFO    :   dec = -1.2108
18:57 bilby WARNING : Injecting signal outside segment, start_time=-30.0, merger time=1126259642.413.
18:57 bilby INFO    : Injected signal in V1:
18:57 bilby INFO    :   optimal SNR = 0.58
18:57 bilby INFO    :   matched filter SNR = -0.39+0.51j
18:57 bilby INFO    :   fiducial = 1.0
18:57 bilby INFO    :   mass_1 = 1.5
18:57 bilby INFO    :   mass_2 = 1.3
18:57 bilby INFO    :   chi_1 = 0.02
18:57 bilby INFO    :   chi_2 = 0.02
18:57 bilby INFO    :   lambda_1 = 545.0
18:57 bilby INFO    :   lambda_2 = 1346.0
18:57 bilby INFO    :   luminosity_distance = 2000.0
18:57 bilby INFO    :   theta_jn = 0.4
18:57 bilby INFO    :   psi = 2.659
18:57 bilby INFO    :   phase = 1.3
18:57 bilby INFO    :   geocent_time = 1126259642.413
18:57 bilby INFO    :   ra = 1.375
18:57 bilby INFO    :   dec = -1.2108
18:57 bilby INFO    : Waveform generator initiated with
  frequency_domain_source_model: bilby.gw.source.lal_binary_neutron_star_relative_binning
  time_domain_source_model: None
  parameter_conversion: bilby.gw.conversion.convert_to_lal_binary_neutron_star_parameters
18:57 bilby INFO    : Initial fiducial waveforms set up
18:57 bilby INFO    : Summary Data Obtained
18:57 bilby INFO    : Fiducial likelihood: -1.61
18:57 bilby_pipe INFO    : Completed data generation
